[17Nov2024 00:00:01.489] [Server thread/INFO] [net.minecraft.server.MinecraftServer/]: [Not Secure] <Isaqcx> on tas
[17Nov2024 00:00:07.077] [Server thread/INFO] [net.minecraft.server.MinecraftServer/]: [Not Secure] <Bahmc> voy
[17Nov2024 00:00:18.977] [Server thread/INFO] [net.minecraft.server.MinecraftServer/]: [Not Secure] <Bahmc> a
[17Nov2024 00:00:29.831] [Server thread/INFO] [net.minecraft.server.MinecraftServer/]: [Not Secure] <Bahmc> yo me refieron al huaco de arriba
[17Nov2024 00:00:33.231] [Server thread/INFO] [net.minecraft.server.MinecraftServer/]: [Not Secure] <Isaqcx> cual
[17Nov2024 00:00:44.733] [Server thread/INFO] [net.minecraft.server.MinecraftServer/]: [Not Secure] <Isaqcx> es es el exterior
[17Nov2024 00:00:46.198] [Server thread/INFO] [net.minecraft.server.MinecraftServer/]: [Not Secure] <Bahmc> o es la salida ?
[17Nov2024 00:00:47.808] [Server thread/INFO] [net.minecraft.server.MinecraftServer/]: [Not Secure] <Bahmc> A
[17Nov2024 00:00:48.943] [Server thread/INFO] [net.minecraft.server.MinecraftServer/]: [Not Secure] <Bahmc> XDDD
[17Nov2024 00:01:28.083] [Server thread/INFO] [net.minecraft.server.MinecraftServer/]: [Not Secure] <Bahmc> mira
[17Nov2024 00:01:30.580] [Server thread/INFO] [net.minecraft.server.MinecraftServer/]: [Not Secure] <Bahmc> al frente
[17Nov2024 00:02:23.389] [Server thread/INFO] [net.minecraft.server.MinecraftServer/]: [Not Secure] <Bahmc> a la mrd
[17Nov2024 00:02:24.545] [Server thread/INFO] [net.minecraft.server.MinecraftServer/]: [Not Secure] <Bahmc> comida
[17Nov2024 00:02:30.158] [Server thread/INFO] [net.minecraft.server.MinecraftServer/]: [Not Secure] <Isaqcx> manda tpa
[17Nov2024 00:02:33.199] [Server thread/WARN] [net.minecraft.server.MinecraftServer/]: Can't keep up! Is the server overloaded? Running 2086ms or 41 ticks behind
[17Nov2024 00:02:41.276] [Server thread/INFO] [net.minecraft.server.MinecraftServer/]: [Not Secure] <Bahmc> yo hacia ti ?
[17Nov2024 00:02:43.692] [Server thread/INFO] [net.minecraft.server.MinecraftServer/]: [Not Secure] <Isaqcx> si
[17Nov2024 00:02:50.384] [Server thread/WARN] [net.minecraft.server.MinecraftServer/]: Can't keep up! Is the server overloaded? Running 2221ms or 44 ticks behind
[17Nov2024 00:03:12.089] [Server thread/INFO] [net.minecraft.server.MinecraftServer/]: [Not Secure] <Bahmc> a la mrd
[17Nov2024 00:03:13.043] [Server thread/WARN] [net.minecraft.server.MinecraftServer/]: Can't keep up! Is the server overloaded? Running 2030ms or 40 ticks behind
[17Nov2024 00:03:32.112] [Server thread/WARN] [net.minecraft.server.MinecraftServer/]: Can't keep up! Is the server overloaded? Running 4099ms or 81 ticks behind
[17Nov2024 00:03:59.969] [Server thread/WARN] [net.minecraft.server.MinecraftServer/]: Can't keep up! Is the server overloaded? Running 2006ms or 40 ticks behind
[17Nov2024 00:04:17.073] [Server thread/WARN] [net.minecraft.server.MinecraftServer/]: Can't keep up! Is the server overloaded? Running 2111ms or 42 ticks behind
[17Nov2024 00:04:27.910] [Server thread/INFO] [net.minecraft.server.MinecraftServer/]: [Not Secure] <Bahmc> donde te fuiste
[17Nov2024 00:04:34.405] [Server thread/INFO] [net.minecraft.server.MinecraftServer/]: [Not Secure] <Isaqcx> ATRAS
[17Nov2024 00:04:44.904] [Server thread/INFO] [net.minecraft.server.MinecraftServer/]: Bahmc was blown up by Creeper
[17Nov2024 00:04:44.991] [Server thread/INFO] [tombstone/]: The player Bahmc has successfully been saved
[17Nov2024 00:04:47.291] [Server thread/INFO] [Scaling Health/]: Player lost 0.00 heart crystal(s)
[17Nov2024 00:04:47.291] [Server thread/INFO] [Scaling Health/]: Player lost 0.00 difficulty
[17Nov2024 00:04:48.937] [Server thread/INFO] [net.minecraft.server.MinecraftServer/]: [Not Secure] <Bahmc> wtf
[17Nov2024 00:04:55.166] [Server thread/INFO] [net.minecraft.server.MinecraftServer/]: [Not Secure] <Bahmc> una araña con un coso para explotar
[17Nov2024 00:05:45.178] [Server thread/INFO] [net.minecraft.server.MinecraftServer/]: Isaqcx has made the advancement [Brains and Brawn]
[17Nov2024 00:05:50.494] [Server thread/INFO] [net.minecraft.server.MinecraftServer/]: [Not Secure] <Bahmc> wtf el warden XD
[17Nov2024 00:06:20.549] [Server thread/INFO] [net.minecraft.server.MinecraftServer/]: [Not Secure] <Isaqcx> no era el warden
[17Nov2024 00:06:25.388] [Server thread/INFO] [net.minecraft.server.MinecraftServer/]: [Not Secure] <Bahmc> abajo
[17Nov2024 00:06:29.061] [Server thread/INFO] [net.minecraft.server.MinecraftServer/]: [Not Secure] <Bahmc> hay coso de warden
[17Nov2024 00:06:30.678] [Server thread/INFO] [net.minecraft.server.MinecraftServer/]: [Not Secure] <Isaqcx> wtf
[17Nov2024 00:06:36.206] [Server thread/INFO] [net.minecraft.server.MinecraftServer/]: [Not Secure] <Bahmc> XDD
[17Nov2024 00:06:50.278] [Server thread/INFO] [net.minecraft.server.MinecraftServer/]: [Not Secure] <Isaqcx> esto no es toxic ya
[17Nov2024 00:06:54.030] [Server thread/INFO] [net.minecraft.server.MinecraftServer/]: [Not Secure] <Isaqcx> vamos por atras
[17Nov2024 00:06:57.384] [Server thread/INFO] [net.minecraft.server.MinecraftServer/]: [Not Secure] <Bahmc> ssisi
[17Nov2024 00:06:58.477] [Server thread/INFO] [net.minecraft.server.MinecraftServer/]: [Not Secure] <Bahmc> vamos
[17Nov2024 00:08:24.454] [Server thread/INFO] [net.minecraft.server.MinecraftServer/]: [Not Secure] <Bahmc> mira
[17Nov2024 00:08:27.761] [Server thread/INFO] [net.minecraft.server.MinecraftServer/]: [Not Secure] <Bahmc> unos pant
[17Nov2024 00:08:29.106] [Server thread/INFO] [net.minecraft.server.MinecraftServer/]: [Not Secure] <Bahmc> s
[17Nov2024 00:09:00.429] [Server thread/INFO] [net.minecraft.server.MinecraftServer/]: [Not Secure] <Isaqcx> esto es para la radiacion creo
[17Nov2024 00:09:03.509] [Server thread/INFO] [net.minecraft.server.MinecraftServer/]: [Not Secure] <Bahmc> sisi
[17Nov2024 00:09:42.480] [Server thread/INFO] [net.minecraft.server.MinecraftServer/]: [Not Secure] <Bahmc> wtf
[17Nov2024 00:09:49.685] [Server thread/INFO] [net.minecraft.server.MinecraftServer/]: [Not Secure] <Isaqcx> tengo las botas esas
[17Nov2024 00:09:58.888] [Server thread/INFO] [net.minecraft.server.MinecraftServer/]: [Not Secure] <Bahmc> para caminar sobre liquidos ?
[17Nov2024 00:10:02.239] [Server thread/INFO] [net.minecraft.server.MinecraftServer/]: [Not Secure] <Isaqcx> si
[17Nov2024 00:10:05.691] [Server thread/INFO] [net.minecraft.server.MinecraftServer/]: [Not Secure] <Bahmc> A
[17Nov2024 00:10:11.951] [Server thread/INFO] [net.minecraft.server.MinecraftServer/]: [Not Secure] <Bahmc> tmr mi pc se quiere morir
[17Nov2024 00:10:21.504] [Server thread/INFO] [net.minecraft.server.MinecraftServer/]: [Not Secure] <Isaqcx> tmr con la radiacion no me deja regenerarme
[17Nov2024 00:10:33.951] [Server thread/INFO] [net.minecraft.server.MinecraftServer/]: [Not Secure] <Bahmc> si p tmr
[17Nov2024 00:10:47.153] [Server thread/INFO] [net.minecraft.server.MinecraftServer/]: [Not Secure] <Isaqcx> toma
[17Nov2024 00:10:48.482] [Server thread/INFO] [net.minecraft.server.MinecraftServer/]: [Not Secure] <Bahmc> a la
[17Nov2024 00:10:52.046] [Server thread/INFO] [net.minecraft.server.MinecraftServer/]: [Not Secure] <Bahmc> se va todo a la mrd
[17Nov2024 00:10:59.492] [Server thread/INFO] [net.minecraft.server.MinecraftServer/]: [Not Secure] <Isaqcx> tmr no regenera tampoco
[17Nov2024 00:11:03.493] [Server thread/INFO] [net.minecraft.server.MinecraftServer/]: [Not Secure] <Bahmc> tmr
[17Nov2024 00:11:11.229] [Server thread/INFO] [net.minecraft.server.MinecraftServer/]: [Not Secure] <Bahmc> salgamos yu regresemos
[17Nov2024 00:11:30.749] [Server thread/INFO] [net.minecraft.server.MinecraftServer/]: [Not Secure] <Isaqcx> tira el uranium
[17Nov2024 00:11:40.476] [Server thread/INFO] [net.minecraft.server.MinecraftServer/]: [Not Secure] <Bahmc> tengo azufre
[17Nov2024 00:11:57.041] [Server thread/INFO] [net.minecraft.server.MinecraftServer/]: [Not Secure] <Bahmc> ahi ta
[17Nov2024 00:11:59.343] [Server thread/INFO] [net.minecraft.server.MinecraftServer/]: [Not Secure] <Isaqcx> PTMR
[17Nov2024 00:12:12.995] [Server thread/INFO] [net.minecraft.server.MinecraftServer/]: [Not Secure] <Bahmc> q fue xd
[17Nov2024 00:13:29.449] [Server thread/INFO] [net.minecraft.server.MinecraftServer/]: [Not Secure] <Isaqcx> tmr igual no funciona
[17Nov2024 00:13:32.986] [Server thread/INFO] [net.minecraft.server.MinecraftServer/]: [Not Secure] <Bahmc> XD
[17Nov2024 00:13:55.547] [Server thread/INFO] [net.minecraft.server.MinecraftServer/]: [Not Secure] <Bahmc> y ahora xd
[17Nov2024 00:14:20.038] [Server thread/INFO] [net.minecraft.server.MinecraftServer/]: [Not Secure] <Isaqcx> XDD
[17Nov2024 00:14:21.185] [Server thread/INFO] [net.minecraft.server.MinecraftServer/]: [Not Secure] <Bahmc> bro se cree dream
[17Nov2024 00:14:33.056] [Server thread/WARN] [net.minecraft.server.level.ServerLevel/]: Tried to add entity boh:herobrine but it was marked as removed already
[17Nov2024 00:14:35.011] [Server thread/INFO] [net.minecraft.server.MinecraftServer/]: [Not Secure] <Isaqcx> agua tienes?
[17Nov2024 00:14:45.311] [Server thread/WARN] [net.minecraft.server.MinecraftServer/]: Can't keep up! Is the server overloaded? Running 2048ms or 40 ticks behind
[17Nov2024 00:15:03.960] [Server thread/WARN] [net.minecraft.server.MinecraftServer/]: Can't keep up! Is the server overloaded? Running 3697ms or 73 ticks behind
[17Nov2024 00:15:21.766] [Server thread/WARN] [net.minecraft.server.MinecraftServer/]: Can't keep up! Is the server overloaded? Running 2853ms or 57 ticks behind
[17Nov2024 00:15:29.298] [Server thread/INFO] [net.minecraft.server.MinecraftServer/]: [Not Secure] <Bahmc> ontas
[17Nov2024 00:15:38.763] [Server thread/WARN] [net.minecraft.server.MinecraftServer/]: Can't keep up! Is the server overloaded? Running 2001ms or 40 ticks behind
[17Nov2024 00:15:58.088] [Server thread/INFO] [net.minecraft.server.MinecraftServer/]: Bahmc was slain by Brainiac
[17Nov2024 00:15:58.161] [Server thread/INFO] [tombstone/]: The player Bahmc has successfully been saved
[17Nov2024 00:16:02.400] [Server thread/INFO] [Scaling Health/]: Player lost 0.00 heart crystal(s)
[17Nov2024 00:16:02.400] [Server thread/INFO] [Scaling Health/]: Player lost 0.00 difficulty
[17Nov2024 00:16:02.407] [Server thread/WARN] [net.minecraft.server.MinecraftServer/]: Can't keep up! Is the server overloaded? Running 2744ms or 54 ticks behind
[17Nov2024 00:16:03.866] [Server thread/INFO] [net.minecraft.server.MinecraftServer/]: [Not Secure] <Isaqcx> q fue xdd
[17Nov2024 00:16:07.203] [Server thread/INFO] [net.minecraft.server.MinecraftServer/]: [Not Secure] <Bahmc> XD
[17Nov2024 00:16:14.092] [Server thread/INFO] [net.minecraft.server.MinecraftServer/]: [Not Secure] <Bahmc> esa hvd que tiene explocion xd
[17Nov2024 00:16:20.615] [Server thread/WARN] [net.minecraft.server.MinecraftServer/]: Can't keep up! Is the server overloaded? Running 3252ms or 65 ticks behind
[17Nov2024 00:16:54.397] [Server thread/INFO] [net.minecraft.server.MinecraftServer/]: [Not Secure] <Bahmc> ven
[17Nov2024 00:16:57.758] [Server thread/INFO] [net.minecraft.server.MinecraftServer/]: [Not Secure] <Bahmc> aca ya no es toxico
[17Nov2024 00:17:03.297] [Server thread/INFO] [net.minecraft.server.MinecraftServer/]: [Not Secure] <Bahmc> para que te regeneres
[17Nov2024 00:17:04.697] [Server thread/INFO] [net.minecraft.server.MinecraftServer/]: [Not Secure] <Isaqcx> voy
[17Nov2024 00:17:36.959] [Server thread/INFO] [net.minecraft.server.MinecraftServer/]: [Not Secure] <Isaqcx> a un cora p
[17Nov2024 00:17:40.192] [Server thread/INFO] [net.minecraft.server.MinecraftServer/]: [Not Secure] <Bahmc> XD
[17Nov2024 00:18:01.229] [Server thread/WARN] [Scaling Health/]: Another mod seems to have canceled healing from a heart container (player literal{Isaqcx})
[17Nov2024 00:18:23.988] [Server thread/INFO] [net.minecraft.server.MinecraftServer/]: [Not Secure] <Bahmc> tmr no se quita
[17Nov2024 00:18:39.388] [Server thread/INFO] [net.minecraft.server.MinecraftServer/]: [Not Secure] <Bahmc> no se quita creo que tenemos que salir
[17Nov2024 00:18:40.348] [Server thread/INFO] [net.minecraft.server.MinecraftServer/]: [Not Secure] <Bahmc> :v
[17Nov2024 00:18:47.056] [Server thread/INFO] [net.minecraft.server.MinecraftServer/]: [Not Secure] <Isaqcx> tenemos el uranio p
[17Nov2024 00:18:48.603] [Server thread/INFO] [net.minecraft.server.MinecraftServer/]: [Not Secure] <Isaqcx> tmr
[17Nov2024 00:19:24.105] [Server thread/INFO] [net.minecraft.server.MinecraftServer/]: [Not Secure] <Bahmc> ya
[17Nov2024 00:19:25.999] [Server thread/INFO] [net.minecraft.server.MinecraftServer/]: [Not Secure] <Bahmc> dejalo ahi
[17Nov2024 00:20:15.150] [Server thread/INFO] [net.minecraft.server.MinecraftServer/]: [Not Secure] <Isaqcx> ptmr igul
[17Nov2024 00:20:26.037] [Server thread/INFO] [net.minecraft.server.MinecraftServer/]: [Not Secure] <Bahmc> tmr
[17Nov2024 00:20:26.784] [Server thread/INFO] [net.minecraft.server.MinecraftServer/]: [Not Secure] <Bahmc> XD
[17Nov2024 00:20:28.635] [Server thread/INFO] [net.minecraft.server.MinecraftServer/]: [Not Secure] <Isaqcx> tienes algo de radiactivo?
[17Nov2024 00:20:35.277] [Server thread/INFO] [net.minecraft.server.MinecraftServer/]: [Not Secure] <Bahmc> no xd
[17Nov2024 00:20:42.345] [Server thread/INFO] [net.minecraft.server.MinecraftServer/]: [Not Secure] <Bahmc> la piedra
[17Nov2024 00:21:39.133] [Server thread/INFO] [net.minecraft.server.MinecraftServer/]: [Not Secure] <Isaqcx> ya
[17Nov2024 00:21:45.462] [Server thread/INFO] [net.minecraft.server.MinecraftServer/]: [Not Secure] <Isaqcx> se meq uito
[17Nov2024 00:21:50.739] [Server thread/INFO] [net.minecraft.server.MinecraftServer/]: [Not Secure] <Isaqcx> OE
[17Nov2024 00:21:52.576] [Server thread/INFO] [net.minecraft.server.MinecraftServer/]: [Not Secure] <Isaqcx> PTMR
[17Nov2024 00:21:54.258] [Server thread/INFO] [net.minecraft.server.MinecraftServer/]: [Not Secure] <Isaqcx> XDDDDDDDDDDDDD
[17Nov2024 00:21:59.458] [Server thread/INFO] [net.minecraft.server.MinecraftServer/]: [Not Secure] <Isaqcx> no era tu cofre?
[17Nov2024 00:22:02.726] [Server thread/INFO] [net.minecraft.server.MinecraftServer/]: [Not Secure] <Isaqcx> PTMRRRR
[17Nov2024 00:22:11.988] [Server thread/INFO] [net.minecraft.server.MinecraftServer/]: [Not Secure] <Bahmc> que paso
[17Nov2024 00:22:16.431] [Server thread/INFO] [net.minecraft.server.MinecraftServer/]: [Not Secure] <Bahmc> despawneo ?x
[17Nov2024 00:22:17.334] [Server thread/INFO] [net.minecraft.server.MinecraftServer/]: [Not Secure] <Bahmc> XDD
[17Nov2024 00:22:18.594] [Server thread/INFO] [net.minecraft.server.MinecraftServer/]: [Not Secure] <Isaqcx> si p
[17Nov2024 00:22:19.684] [Server thread/INFO] [net.minecraft.server.MinecraftServer/]: [Not Secure] <Isaqcx> tmrrr
[17Nov2024 00:22:22.845] [Server thread/INFO] [net.minecraft.server.MinecraftServer/]: [Not Secure] <Bahmc> JAJAJAJAJAJA+}
[17Nov2024 00:22:24.080] [Server thread/INFO] [net.minecraft.server.MinecraftServer/]: [Not Secure] <Isaqcx> las cosas :,v
[17Nov2024 00:22:26.911] [Server thread/INFO] [net.minecraft.server.MinecraftServer/]: [Not Secure] <Bahmc> se fue todo a la mrd
[17Nov2024 00:22:31.879] [Server thread/INFO] [net.minecraft.server.MinecraftServer/]: [Not Secure] <Bahmc> sacalo de creativo p
[17Nov2024 00:22:37.598] [Server thread/INFO] [net.minecraft.server.MinecraftServer/]: [Not Secure] <Bahmc> :V
[17Nov2024 00:22:37.710] [Server thread/INFO] [net.minecraft.server.MinecraftServer/]: [Not Secure] <Isaqcx> tienes algo radiactivo
[17Nov2024 00:22:41.558] [Server thread/INFO] [net.minecraft.server.MinecraftServer/]: [Not Secure] <Isaqcx> en tu inventario
[17Nov2024 00:22:43.749] [Server thread/INFO] [net.minecraft.server.MinecraftServer/]: [Not Secure] <Bahmc> no
[17Nov2024 00:22:48.255] [Server thread/INFO] [net.minecraft.server.MinecraftServer/]: [Not Secure] <Bahmc> a mi ya se me fue el efecto XD
[17Nov2024 00:22:49.184] [Server thread/INFO] [net.minecraft.server.MinecraftServer/]: [Not Secure] <Isaqcx> vente para aca
[17Nov2024 00:22:58.797] [Server thread/INFO] [net.minecraft.server.MinecraftServer/]: [Not Secure] <Isaqcx> te veo brillando
[17Nov2024 00:23:10.527] [Server thread/INFO] [net.minecraft.server.MinecraftServer/]: [Not Secure] <Bahmc> no xd
[17Nov2024 00:23:12.479] [Server thread/INFO] [net.minecraft.server.MinecraftServer/]: [Not Secure] <Bahmc> mira media
[17Nov2024 00:23:41.836] [Server thread/INFO] [net.minecraft.server.MinecraftServer/]: [Not Secure] <Isaqcx> tmr las cosas XDDDD
[17Nov2024 00:23:46.290] [Server thread/INFO] [net.minecraft.server.MinecraftServer/]: [Not Secure] <Bahmc> JAJAJAJA
[17Nov2024 00:23:51.976] [Server thread/INFO] [net.minecraft.server.MinecraftServer/]: [Not Secure] <Bahmc> sacalo de creativo :V
[17Nov2024 00:23:58.041] [Server thread/INFO] [net.minecraft.server.MinecraftServer/]: [Not Secure] <Isaqcx> no me deja tener op
[17Nov2024 00:24:04.528] [Server thread/INFO] [net.minecraft.server.MinecraftServer/]: [Not Secure] <Bahmc> XDDD
[17Nov2024 00:24:48.726] [Server thread/INFO] [net.minecraft.server.MinecraftServer/]: [Not Secure] <Bahmc> mi pc muere creo
[17Nov2024 00:24:53.240] [Server thread/INFO] [net.minecraft.server.MinecraftServer/]: [Not Secure] <Isaqcx> cuantos fps va
[17Nov2024 00:24:57.610] [Server thread/INFO] [net.minecraft.server.MinecraftServer/]: [Not Secure] <Bahmc> 20
[17Nov2024 00:24:58.629] [Server thread/INFO] [net.minecraft.server.MinecraftServer/]: [Not Secure] <Bahmc> XD
[17Nov2024 00:25:03.874] [Server thread/INFO] [net.minecraft.server.MinecraftServer/]: [Not Secure] <Isaqcx> tmr
[17Nov2024 00:25:04.092] [Server thread/INFO] [net.minecraft.server.MinecraftServer/]: [Not Secure] <Bahmc> por ratos 180
[17Nov2024 00:25:09.280] [Server thread/INFO] [net.minecraft.server.MinecraftServer/]: [Not Secure] <Bahmc> pero baja de golpe a 20
[17Nov2024 00:25:16.227] [Server thread/INFO] [net.minecraft.server.MinecraftServer/]: [Not Secure] <Isaqcx> debe ser la ram
[17Nov2024 00:25:21.226] [Server thread/INFO] [net.minecraft.server.MinecraftServer/]: [Not Secure] <Bahmc> seguro
[17Nov2024 00:25:25.976] [Server thread/INFO] [net.minecraft.server.MinecraftServer/]: [Not Secure] <Isaqcx> cuanta de ram tienes
[17Nov2024 00:25:27.107] [Server thread/INFO] [net.minecraft.server.MinecraftServer/]: [Not Secure] <Bahmc> la vrd que ni se xd
[17Nov2024 00:25:29.192] [Server thread/INFO] [net.minecraft.server.MinecraftServer/]: [Not Secure] <Bahmc> 16
[17Nov2024 00:25:38.674] [Server thread/INFO] [net.minecraft.server.MinecraftServer/]: [Not Secure] <Isaqcx> ponele 8 o 6 de ram al mc
[17Nov2024 00:25:45.686] [Server thread/INFO] [net.minecraft.server.MinecraftServer/]: [Not Secure] <Bahmc> AHHHH es verdad
[17Nov2024 00:25:46.732] [Server thread/INFO] [net.minecraft.server.MinecraftServer/]: [Not Secure] <Bahmc> pera
[17Nov2024 00:25:51.488] [Server thread/INFO] [net.minecraft.server.MinecraftServer/]: [Not Secure] <Bahmc> se me olvido eso XDDD
[17Nov2024 00:25:53.655] [Server thread/INFO] [net.minecraft.server.MinecraftServer/]: [Not Secure] <Isaqcx> si p
[17Nov2024 00:25:55.275] [Server thread/INFO] [net.minecraft.server.network.ServerGamePacketListenerImpl/]: Bahmc lost connection: Disconnected
[17Nov2024 00:25:55.275] [Server thread/INFO] [net.minecraft.server.MinecraftServer/]: Bahmc left the game
[17Nov2024 00:27:24.489] [Server thread/WARN] [net.minecraft.server.MinecraftServer/]: Can't keep up! Is the server overloaded? Running 2177ms or 43 ticks behind
[17Nov2024 00:28:42.225] [Server thread/INFO] [net.minecraft.server.MinecraftServer/]: Isaqcx has made the advancement [THE OOOOOOOOZE]
[17Nov2024 00:29:32.868] [Server thread/INFO] [net.minecraft.server.players.PlayerList/]: Bahmc[/127.173.127.144:35359] logged in with entity id 73577 at (2508.689086161572, -41.0, 11786.300000011921)
[17Nov2024 00:29:32.929] [Server thread/INFO] [net.minecraft.server.MinecraftServer/]: Bahmc joined the game
[17Nov2024 00:29:32.973] [Server thread/INFO] [Jade/]: Syncing config to Bahmc (d7faaea5-bfc9-3387-a2ae-d998b00f11fa)
[17Nov2024 00:29:56.310] [Server thread/INFO] [net.minecraft.server.MinecraftServer/]: [Not Secure] <Bahmc> regrese
[17Nov2024 00:30:17.525] [Server thread/INFO] [net.minecraft.server.MinecraftServer/]: [Not Secure] <Isaqcx> el nucleeper es dificl de spawnear
[17Nov2024 00:30:23.254] [Server thread/INFO] [net.minecraft.server.MinecraftServer/]: [Not Secure] <Bahmc> esta maso la pc XD
[17Nov2024 00:30:25.927] [Server thread/INFO] [net.minecraft.server.MinecraftServer/]: [Not Secure] <Bahmc> a
[17Nov2024 00:30:26.548] [Server thread/INFO] [net.minecraft.server.MinecraftServer/]: [Not Secure] <Isaqcx> xd
[17Nov2024 00:30:28.451] [Server thread/INFO] [net.minecraft.server.MinecraftServer/]: [Not Secure] <Bahmc> por ?
[17Nov2024 00:30:47.378] [Server thread/INFO] [net.minecraft.server.MinecraftServer/]: [Not Secure] <Isaqcx> debe ser un mob raro
[17Nov2024 00:31:42.555] [Server thread/INFO] [Scaling Health/]: Blight Skeleton was killed by Isaqcx
[17Nov2024 00:31:51.154] [Server thread/INFO] [net.minecraft.server.MinecraftServer/]: [Not Secure] <Bahmc> q fue
[17Nov2024 00:32:02.449] [Server thread/INFO] [net.minecraft.server.MinecraftServer/]: [Not Secure] <Isaqcx> estaba chetado ese esqueleto
[17Nov2024 00:32:06.832] [Server thread/INFO] [net.minecraft.server.MinecraftServer/]: [Not Secure] <Bahmc> si xd
[17Nov2024 00:32:20.703] [Server thread/INFO] [net.minecraft.server.MinecraftServer/]: [Not Secure] <Bahmc> tmr ya no puedo regenerarme
[17Nov2024 00:32:21.831] [Server thread/INFO] [net.minecraft.server.MinecraftServer/]: [Not Secure] <Bahmc> AAAAAAAAAA
[17Nov2024 00:33:23.778] [Server thread/INFO] [net.minecraft.server.MinecraftServer/]: Bahmc was slain by Corpse Maggot
[17Nov2024 00:33:23.790] [Server thread/INFO] [tombstone/]: The player Bahmc has successfully been saved
[17Nov2024 00:33:26.311] [Server thread/INFO] [Scaling Health/]: Player lost 0.00 heart crystal(s)
[17Nov2024 00:33:26.312] [Server thread/INFO] [Scaling Health/]: Player gained 0.00 difficulty
[17Nov2024 00:33:27.875] [Server thread/INFO] [net.minecraft.server.MinecraftServer/]: [Not Secure] <Bahmc> wtf
[17Nov2024 00:33:33.780] [Server thread/INFO] [net.minecraft.server.MinecraftServer/]: [Not Secure] <Bahmc> pera
[17Nov2024 00:33:34.943] [Server thread/INFO] [net.minecraft.server.MinecraftServer/]: [Not Secure] <Bahmc> sube
[17Nov2024 00:33:38.412] [Server thread/INFO] [net.minecraft.server.MinecraftServer/]: [Not Secure] <Bahmc> ya no xd
[17Nov2024 00:33:56.946] [Server thread/INFO] [net.minecraft.server.MinecraftServer/]: [Not Secure] <Isaqcx> vamo al medio
[17Nov2024 00:34:32.232] [Server thread/INFO] [net.minecraft.server.MinecraftServer/]: [Not Secure] <Isaqcx> XDD
[17Nov2024 00:34:35.325] [Server thread/INFO] [net.minecraft.server.MinecraftServer/]: [Not Secure] <Bahmc> XD
[17Nov2024 00:35:48.680] [Server thread/INFO] [net.minecraft.server.MinecraftServer/]: [Not Secure] <Bahmc> pa donde xd
[17Nov2024 00:35:51.185] [Server thread/INFO] [net.minecraft.server.MinecraftServer/]: [Not Secure] <Isaqcx> aca
[17Nov2024 00:35:57.038] [Server thread/INFO] [net.minecraft.server.MinecraftServer/]: [Not Secure] <Isaqcx> por alla
[17Nov2024 00:36:02.095] [Server thread/INFO] [net.minecraft.server.MinecraftServer/]: [Not Secure] <Bahmc> XDDD
[17Nov2024 00:37:11.323] [Server thread/INFO] [net.minecraft.server.MinecraftServer/]: [Not Secure] <Bahmc> a
[17Nov2024 00:37:39.982] [Server thread/WARN] [net.minecraft.server.MinecraftServer/]: Can't keep up! Is the server overloaded? Running 2019ms or 40 ticks behind
[17Nov2024 00:37:57.352] [Server thread/WARN] [net.minecraft.server.MinecraftServer/]: Can't keep up! Is the server overloaded? Running 2389ms or 47 ticks behind
[17Nov2024 00:38:03.623] [Server thread/INFO] [net.minecraft.server.MinecraftServer/]: [Not Secure] <Bahmc> WTFFFFF
[17Nov2024 00:38:05.124] [Server thread/INFO] [net.minecraft.server.MinecraftServer/]: [Not Secure] <Bahmc> VEEEEEEN
[17Nov2024 00:38:21.033] [Server thread/WARN] [net.minecraft.server.MinecraftServer/]: Can't keep up! Is the server overloaded? Running 8721ms or 174 ticks behind
[17Nov2024 00:38:39.395] [Server thread/INFO] [net.minecraft.server.MinecraftServer/]: [Not Secure] <Bahmc> a la mrd
[17Nov2024 00:38:42.171] [Server thread/INFO] [net.minecraft.server.MinecraftServer/]: [Not Secure] <Bahmc> ese hdp
[17Nov2024 00:38:43.470] [Server thread/WARN] [net.minecraft.server.MinecraftServer/]: Can't keep up! Is the server overloaded? Running 7457ms or 149 ticks behind
[17Nov2024 00:38:54.229] [Server thread/INFO] [net.minecraft.server.MinecraftServer/]: [Not Secure] <Bahmc> fatiga minera
[17Nov2024 00:38:55.506] [Server thread/INFO] [net.minecraft.server.MinecraftServer/]: [Not Secure] <Bahmc> tmr
[17Nov2024 00:39:04.091] [Server thread/WARN] [net.minecraft.server.MinecraftServer/]: Can't keep up! Is the server overloaded? Running 5629ms or 112 ticks behind
[17Nov2024 00:39:08.338] [Server thread/INFO] [net.minecraft.server.MinecraftServer/]: [Not Secure] <Isaqcx> q son esos
[17Nov2024 00:39:11.407] [Server thread/INFO] [net.minecraft.server.MinecraftServer/]: [Not Secure] <Isaqcx> no se les puede puegar
[17Nov2024 00:39:13.434] [Server thread/INFO] [net.minecraft.server.MinecraftServer/]: [Not Secure] <Isaqcx> pegar
[17Nov2024 00:39:14.361] [Server thread/INFO] [net.minecraft.server.MinecraftServer/]: [Not Secure] <Bahmc> ni dea
[17Nov2024 00:39:17.262] [Server thread/INFO] [net.minecraft.server.MinecraftServer/]: [Not Secure] <Bahmc> pero no lo mires
[17Nov2024 00:39:20.099] [Server thread/INFO] [net.minecraft.server.MinecraftServer/]: [Not Secure] <Bahmc> porque te da efecto
[17Nov2024 00:39:23.495] [Server thread/WARN] [net.minecraft.server.MinecraftServer/]: Can't keep up! Is the server overloaded? Running 4433ms or 88 ticks behind
[17Nov2024 00:39:39.678] [Server thread/INFO] [net.minecraft.server.MinecraftServer/]: [Not Secure] <Isaqcx> q fue XD
[17Nov2024 00:39:41.242] [Server thread/WARN] [net.minecraft.server.MinecraftServer/]: Can't keep up! Is the server overloaded? Running 2779ms or 55 ticks behind
[17Nov2024 00:39:49.887] [Server thread/INFO] [net.minecraft.server.MinecraftServer/]: [Not Secure] <Bahmc> q fue q XDD
[17Nov2024 00:39:54.756] [Server thread/INFO] [net.minecraft.server.MinecraftServer/]: [Not Secure] <Isaqcx> a aca esta
[17Nov2024 00:39:59.840] [Server thread/INFO] [net.minecraft.server.MinecraftServer/]: Isaqcx has completed the challenge [Nice House Bro]
[17Nov2024 00:39:59.887] [Server thread/INFO] [net.minecraft.server.MinecraftServer/]: Isaqcx has completed the challenge [VERY COOL!]
[17Nov2024 00:40:02.587] [Server thread/INFO] [net.minecraft.server.MinecraftServer/]: [Not Secure] <Bahmc> sisis
[17Nov2024 00:40:05.241] [Server thread/INFO] [net.minecraft.server.MinecraftServer/]: [Not Secure] <Bahmc> ese hvn es
[17Nov2024 00:40:33.955] [Server thread/INFO] [net.minecraft.server.MinecraftServer/]: [Not Secure] <Bahmc> a
[17Nov2024 00:40:33.957] [Server thread/INFO] [net.minecraft.server.MinecraftServer/]: [Not Secure] <Isaqcx> wtf
[17Nov2024 00:40:40.500] [Server thread/INFO] [net.minecraft.server.MinecraftServer/]: [Not Secure] <Bahmc> tmr y yo rompi uno
[17Nov2024 00:41:09.392] [Server thread/INFO] [net.minecraft.server.MinecraftServer/]: [Not Secure] <Bahmc> ahora pa donde
[17Nov2024 00:41:19.184] [Server thread/INFO] [net.minecraft.server.MinecraftServer/]: [Not Secure] <Isaqcx> tenemos q buscar al nucleeper
[17Nov2024 00:41:31.238] [Server thread/INFO] [net.minecraft.server.MinecraftServer/]: [Not Secure] <Bahmc> a
[17Nov2024 00:41:32.913] [Server thread/INFO] [Scaling Health/]: Blight Ghost was killed by Isaqcx
[17Nov2024 00:41:57.347] [Server thread/INFO] [net.minecraft.server.MinecraftServer/]: [Not Secure] <Bahmc> camina por la lava
[17Nov2024 00:42:21.890] [Server thread/INFO] [net.minecraft.server.MinecraftServer/]: [Not Secure] <Bahmc> xdd
[17Nov2024 00:42:31.127] [Server thread/INFO] [net.minecraft.server.MinecraftServer/]: [Not Secure] <Bahmc> WTF
[17Nov2024 00:42:35.235] [Server thread/INFO] [net.minecraft.server.MinecraftServer/]: [Not Secure] <Bahmc> UN TORNADO
[17Nov2024 00:42:38.409] [Server thread/INFO] [net.minecraft.server.MinecraftServer/]: [Not Secure] <Isaqcx> q
[17Nov2024 00:42:42.890] [Server thread/INFO] [net.minecraft.server.MinecraftServer/]: [Not Secure] <Bahmc> no lo viste?
[17Nov2024 00:42:48.202] [Server thread/INFO] [net.minecraft.server.MinecraftServer/]: [Not Secure] <Isaqcx> donde
[17Nov2024 00:42:49.576] [Server thread/INFO] [Scaling Health/]: Blight Husk has died
[17Nov2024 00:42:59.654] [Server thread/INFO] [net.minecraft.server.MinecraftServer/]: [Not Secure] <Bahmc> estaba a punto de pegarme y se fue
[17Nov2024 00:43:14.308] [Server thread/INFO] [net.minecraft.server.MinecraftServer/]: [Not Secure] <Bahmc> no se hice
[17Nov2024 00:43:24.398] [Server thread/INFO] [net.minecraft.server.MinecraftServer/]: [Not Secure] <Bahmc> pero algo que hice y salio xd
[17Nov2024 00:43:36.211] [Server thread/INFO] [net.minecraft.server.MinecraftServer/]: [Not Secure] <Bahmc> AAAAA
[17Nov2024 00:43:36.989] [Server thread/INFO] [net.minecraft.server.MinecraftServer/]: [Not Secure] <Isaqcx> XDDD
[17Nov2024 00:43:37.738] [Server thread/INFO] [net.minecraft.server.MinecraftServer/]: [Not Secure] <Bahmc> eres tu
[17Nov2024 00:43:39.681] [Server thread/INFO] [net.minecraft.server.MinecraftServer/]: [Not Secure] <Bahmc> MRD
[17Nov2024 00:43:45.208] [Server thread/INFO] [net.minecraft.server.MinecraftServer/]: [Not Secure] <Bahmc> hvn
[17Nov2024 00:43:46.826] [Server thread/INFO] [net.minecraft.server.MinecraftServer/]: [Not Secure] <Bahmc> wtf
[17Nov2024 00:43:48.932] [Server thread/INFO] [net.minecraft.server.MinecraftServer/]: [Not Secure] <Bahmc> como le haces
[17Nov2024 00:43:59.050] [Server thread/INFO] [net.minecraft.server.MinecraftServer/]: [Not Secure] <Isaqcx> es un item de un boss del cataclysm
[17Nov2024 00:44:04.504] [Server thread/INFO] [net.minecraft.server.MinecraftServer/]: [Not Secure] <Isaqcx> mel lo mato
[17Nov2024 00:44:19.131] [Server thread/INFO] [net.minecraft.server.MinecraftServer/]: [Not Secure] <Bahmc> yo tambien doy vueltas
[17Nov2024 00:44:20.710] [Server thread/INFO] [net.minecraft.server.MinecraftServer/]: [Not Secure] <Isaqcx> era de puro hueso
[17Nov2024 00:44:24.146] [Server thread/INFO] [net.minecraft.server.MinecraftServer/]: [Not Secure] <Isaqcx> XDD
[17Nov2024 00:44:30.959] [Server thread/INFO] [net.minecraft.server.MinecraftServer/]: [Not Secure] <Bahmc> XD
[17Nov2024 00:44:34.995] [Server thread/INFO] [net.minecraft.server.MinecraftServer/]: [Not Secure] <Bahmc> viste
[17Nov2024 00:44:37.836] [Server thread/INFO] [net.minecraft.server.MinecraftServer/]: [Not Secure] <Bahmc> te gano :V
[17Nov2024 00:44:46.209] [Server thread/INFO] [net.minecraft.server.MinecraftServer/]: [Not Secure] <Isaqcx> pucha diablos :,v
[17Nov2024 00:44:49.373] [Server thread/INFO] [net.minecraft.server.MinecraftServer/]: [Not Secure] <Bahmc> XD
[17Nov2024 00:44:53.790] [Server thread/INFO] [net.minecraft.server.MinecraftServer/]: [Not Secure] <Isaqcx> q es eso
[17Nov2024 00:44:59.792] [Server thread/INFO] [net.minecraft.server.MinecraftServer/]: [Not Secure] <Bahmc> a la mrd
[17Nov2024 00:45:00.888] [Server thread/INFO] [net.minecraft.server.MinecraftServer/]: [Not Secure] <Bahmc> no se
[17Nov2024 00:45:04.861] [Server thread/INFO] [net.minecraft.server.MinecraftServer/]: [Not Secure] <Bahmc> parece un pokemon
[17Nov2024 00:45:21.283] [Server thread/INFO] [net.minecraft.server.MinecraftServer/]: Bahmc was slain by Cave Spider
[17Nov2024 00:45:21.300] [Server thread/INFO] [tombstone/]: The player Bahmc has successfully been saved
[17Nov2024 00:45:23.501] [Server thread/INFO] [Scaling Health/]: Player lost 0.00 heart crystal(s)
[17Nov2024 00:45:23.501] [Server thread/INFO] [Scaling Health/]: Player lost 0.00 difficulty
[17Nov2024 00:45:25.187] [Server thread/INFO] [net.minecraft.server.MinecraftServer/]: [Not Secure] <Bahmc> XD
[17Nov2024 00:45:28.588] [Server thread/INFO] [net.minecraft.server.MinecraftServer/]: [Not Secure] <Bahmc> es un nido de araña dice
[17Nov2024 00:45:48.989] [Server thread/INFO] [net.minecraft.server.MinecraftServer/]: [Not Secure] <Bahmc> tmr tengo cooldow
[17Nov2024 00:45:55.740] [Server thread/INFO] [net.minecraft.server.MinecraftServer/]: [Not Secure] <Bahmc> cooldown
[17Nov2024 00:46:33.949] [Server thread/INFO] [net.minecraft.server.MinecraftServer/]: [Not Secure] <Bahmc> tmr no me deja enviarte tpa
[17Nov2024 00:46:58.638] [Server thread/INFO] [net.minecraft.server.network.ServerGamePacketListenerImpl/]: Bahmc lost connection: Disconnected
[17Nov2024 00:46:58.638] [Server thread/INFO] [net.minecraft.server.MinecraftServer/]: Bahmc left the game
[17Nov2024 00:47:09.246] [Server thread/INFO] [net.minecraft.server.players.PlayerList/]: Bahmc[/127.173.127.144:42893] logged in with entity id 81811 at (838.4163048196679, 81.0, 9271.07584437639)
[17Nov2024 00:47:09.286] [Server thread/INFO] [net.minecraft.server.MinecraftServer/]: Bahmc joined the game
[17Nov2024 00:47:09.332] [Server thread/INFO] [Jade/]: Syncing config to Bahmc (d7faaea5-bfc9-3387-a2ae-d998b00f11fa)
[17Nov2024 00:47:11.730] [Server thread/WARN] [net.minecraft.server.MinecraftServer/]: Can't keep up! Is the server overloaded? Running 2417ms or 48 ticks behind
[17Nov2024 00:47:24.588] [Server thread/INFO] [net.minecraft.server.MinecraftServer/]: [Not Secure] <Bahmc> tmr
[17Nov2024 00:47:30.705] [Server thread/INFO] [net.minecraft.server.MinecraftServer/]: [Not Secure] <Bahmc> sigo teniendo cooldown
[17Nov2024 00:47:33.601] [Server thread/INFO] [net.minecraft.server.MinecraftServer/]: [Not Secure] <Isaqcx> te dejo?
[17Nov2024 00:47:36.649] [Server thread/INFO] [net.minecraft.server.MinecraftServer/]: [Not Secure] <Bahmc> no
[17Nov2024 00:47:45.791] [Server thread/INFO] [net.minecraft.server.MinecraftServer/]: [Not Secure] <Bahmc> you're still in cooldown dice xd
[17Nov2024 00:48:14.842] [Server thread/WARN] [net.minecraft.server.MinecraftServer/]: Can't keep up! Is the server overloaded? Running 2630ms or 52 ticks behind
[17Nov2024 00:48:24.215] [Server thread/INFO] [net.minecraft.server.MinecraftServer/]: [Not Secure] <Isaqcx> no te deja?
[17Nov2024 00:48:27.516] [Server thread/INFO] [net.minecraft.server.MinecraftServer/]: [Not Secure] <Bahmc> no
[17Nov2024 00:48:28.179] [Server thread/INFO] [net.minecraft.server.MinecraftServer/]: [Not Secure] <Bahmc> xd
[17Nov2024 00:48:38.989] [Server thread/WARN] [net.minecraft.server.MinecraftServer/]: Can't keep up! Is the server overloaded? Running 9177ms or 183 ticks behind
[17Nov2024 00:48:43.711] [Server thread/INFO] [net.minecraft.server.MinecraftServer/]: [Not Secure] <Bahmc> ahora
[17Nov2024 00:48:45.143] [Server thread/INFO] [net.minecraft.server.MinecraftServer/]: [Not Secure] <Bahmc> aceptaaaa
[17Nov2024 00:48:46.240] [Server thread/INFO] [net.minecraft.server.MinecraftServer/]: [Not Secure] <Bahmc> AAAAA
[17Nov2024 00:49:01.191] [Server thread/INFO] [net.minecraft.server.MinecraftServer/]: [Not Secure] <Bahmc> acepta p
[17Nov2024 00:49:13.099] [Server thread/INFO] [net.minecraft.server.MinecraftServer/]: [Not Secure] <Bahmc> oe
[17Nov2024 00:49:15.556] [Server thread/INFO] [net.minecraft.server.MinecraftServer/]: [Not Secure] <Bahmc> y las cuevas
[17Nov2024 00:49:15.632] [Server thread/INFO] [net.minecraft.server.MinecraftServer/]: [Not Secure] <Isaqcx> q
[17Nov2024 00:49:17.655] [Server thread/INFO] [net.minecraft.server.MinecraftServer/]: [Not Secure] <Bahmc> tmr mis cosas
[17Nov2024 00:49:18.333] [Server thread/INFO] [net.minecraft.server.MinecraftServer/]: [Not Secure] <Bahmc> XD
[17Nov2024 00:49:20.981] [Server thread/INFO] [net.minecraft.server.MinecraftServer/]: [Not Secure] <Isaqcx> no tenias tus cosas?
[17Nov2024 00:49:21.784] [Server thread/INFO] [net.minecraft.server.MinecraftServer/]: [Not Secure] <Isaqcx> XD
[17Nov2024 00:49:23.458] [Server thread/INFO] [net.minecraft.server.MinecraftServer/]: [Not Secure] <Bahmc> no
[17Nov2024 00:49:25.631] [Server thread/INFO] [net.minecraft.server.MinecraftServer/]: [Not Secure] <Bahmc> si mori p
[17Nov2024 00:49:26.580] [Server thread/INFO] [net.minecraft.server.MinecraftServer/]: [Not Secure] <Bahmc> XDD
[17Nov2024 00:49:27.461] [Server thread/INFO] [net.minecraft.server.MinecraftServer/]: [Not Secure] <Isaqcx> tmr
[17Nov2024 00:49:32.530] [Server thread/INFO] [net.minecraft.server.MinecraftServer/]: [Not Secure] <Bahmc> pucha diablos :'v
[17Nov2024 00:49:41.357] [Server thread/INFO] [net.minecraft.server.MinecraftServer/]: [Not Secure] <Isaqcx> toma
[17Nov2024 00:50:13.488] [Server thread/WARN] [net.minecraft.server.MinecraftServer/]: Can't keep up! Is the server overloaded? Running 2026ms or 40 ticks behind
[17Nov2024 00:50:40.667] [Server thread/WARN] [net.minecraft.server.MinecraftServer/]: Can't keep up! Is the server overloaded? Running 5654ms or 113 ticks behind
[17Nov2024 00:50:51.817] [Server thread/INFO] [net.minecraft.server.MinecraftServer/]: [Not Secure] <Bahmc> acepta
[17Nov2024 00:51:07.969] [Server thread/WARN] [net.minecraft.server.MinecraftServer/]: Can't keep up! Is the server overloaded? Running 12307ms or 246 ticks behind
[17Nov2024 00:51:22.997] [Server thread/INFO] [net.minecraft.server.MinecraftServer/]: [Not Secure] <Bahmc> isaaaaaaac acepta mrd
[17Nov2024 00:51:27.997] [Server thread/WARN] [net.minecraft.server.MinecraftServer/]: Can't keep up! Is the server overloaded? Running 5035ms or 100 ticks behind
[17Nov2024 00:51:36.582] [Server thread/INFO] [net.minecraft.server.MinecraftServer/]: [Not Secure] <Isaqcx> XDDD
[17Nov2024 00:51:50.809] [Server thread/INFO] [net.minecraft.server.MinecraftServer/]: [Not Secure] <Bahmc> ya regreso pera
[17Nov2024 00:51:55.306] [Server thread/INFO] [net.minecraft.server.MinecraftServer/]: [Not Secure] <Isaqcx> sale
[17Nov2024 00:51:58.035] [Server thread/INFO] [net.minecraft.server.MinecraftServer/]: [Not Secure] <Bahmc> me wua a bañar
[17Nov2024 00:52:00.242] [Server thread/INFO] [net.minecraft.server.network.ServerGamePacketListenerImpl/]: Bahmc lost connection: Disconnected
[17Nov2024 00:52:00.242] [Server thread/INFO] [net.minecraft.server.MinecraftServer/]: Bahmc left the game
[17Nov2024 00:52:14.678] [Server thread/INFO] [net.minecraft.world.entity.LivingEntity/]: Named entity Zombie['Bahmc'/84260, l='ServerLevel[world]', x=2523.79, y=-54.00, z=12054.60] died: Bahmc was slain by Isaqcx using [Captive Dreams]
[17Nov2024 00:55:22.647] [Server thread/INFO] [net.minecraft.server.MinecraftServer/]: Isaqcx was slain by Brainiac
[17Nov2024 00:55:22.670] [Server thread/INFO] [tombstone/]: The player Isaqcx has successfully been saved
[17Nov2024 00:55:26.596] [Server thread/INFO] [Scaling Health/]: Player lost 0.00 heart crystal(s)
[17Nov2024 00:55:26.597] [Server thread/INFO] [Scaling Health/]: Player lost -0.00 difficulty
[17Nov2024 00:55:26.623] [Server thread/WARN] [net.minecraft.server.MinecraftServer/]: Can't keep up! Is the server overloaded? Running 2760ms or 55 ticks behind
[17Nov2024 00:56:44.226] [Server thread/INFO] [net.minecraft.server.network.ServerGamePacketListenerImpl/]: Isaqcx lost connection: Disconnected
[17Nov2024 00:56:44.227] [Server thread/INFO] [net.minecraft.server.MinecraftServer/]: Isaqcx left the game
[17Nov2024 01:26:56.719] [Server thread/INFO] [net.minecraft.server.MinecraftServer/]: Stopping the server
[17Nov2024 01:26:56.838] [Server thread/INFO] [net.minecraft.server.MinecraftServer/]: Stopping server
[17Nov2024 01:26:56.840] [Server thread/INFO] [net.minecraft.server.MinecraftServer/]: Saving players
[17Nov2024 01:26:56.840] [Server thread/INFO] [net.minecraft.server.MinecraftServer/]: Saving worlds
[17Nov2024 01:26:57.345] [Server thread/INFO] [net.minecraft.server.MinecraftServer/]: Saving chunks for level 'ServerLevel[world]'/minecraft:overworld
[17Nov2024 01:26:59.505] [Server thread/INFO] [net.minecraft.server.MinecraftServer/]: Saving chunks for level 'ServerLevel[world]'/graveyard:past
[17Nov2024 01:26:59.515] [Server thread/INFO] [net.minecraft.server.MinecraftServer/]: Saving chunks for level 'ServerLevel[world]'/minecraft:the_nether
[17Nov2024 01:26:59.521] [Server thread/INFO] [net.minecraft.server.MinecraftServer/]: Saving chunks for level 'ServerLevel[world]'/boh:level_0
[17Nov2024 01:26:59.523] [Server thread/INFO] [net.minecraft.server.MinecraftServer/]: Saving chunks for level 'ServerLevel[world]'/boh:boiler_room_dimension
[17Nov2024 01:26:59.524] [Server thread/INFO] [net.minecraft.server.MinecraftServer/]: Saving chunks for level 'ServerLevel[world]'/javd:void
[17Nov2024 01:26:59.530] [Server thread/INFO] [net.minecraft.server.MinecraftServer/]: Saving chunks for level 'ServerLevel[world]'/minecraft:the_end
[17Nov2024 01:26:59.537] [Server thread/INFO] [net.minecraft.server.MinecraftServer/]: Saving chunks for level 'ServerLevel[world]'/boh:gaster_dimension
[17Nov2024 01:26:59.745] [Server thread/INFO] [net.minecraft.server.MinecraftServer/]: ThreadedAnvilChunkStorage (world): All chunks are saved
[17Nov2024 01:26:59.745] [Server thread/INFO] [net.minecraft.server.MinecraftServer/]: ThreadedAnvilChunkStorage (past): All chunks are saved
[17Nov2024 01:26:59.745] [Server thread/INFO] [net.minecraft.server.MinecraftServer/]: ThreadedAnvilChunkStorage (DIM-1): All chunks are saved
[17Nov2024 01:26:59.746] [Server thread/INFO] [net.minecraft.server.MinecraftServer/]: ThreadedAnvilChunkStorage (level_0): All chunks are saved
[17Nov2024 01:26:59.746] [Server thread/INFO] [net.minecraft.server.MinecraftServer/]: ThreadedAnvilChunkStorage (boiler_room_dimension): All chunks are saved
[17Nov2024 01:26:59.746] [Server thread/INFO] [net.minecraft.server.MinecraftServer/]: ThreadedAnvilChunkStorage (void): All chunks are saved
[17Nov2024 01:26:59.747] [Server thread/INFO] [net.minecraft.server.MinecraftServer/]: ThreadedAnvilChunkStorage (DIM1): All chunks are saved
[17Nov2024 01:26:59.747] [Server thread/INFO] [net.minecraft.server.MinecraftServer/]: ThreadedAnvilChunkStorage (gaster_dimension): All chunks are saved
[17Nov2024 01:26:59.747] [Server thread/INFO] [net.minecraft.server.MinecraftServer/]: ThreadedAnvilChunkStorage: All dimensions are saved
[17Nov2024 01:27:00.289] [Server thread/INFO] [Framework/]: Unloading server configs...
[17Nov2024 01:27:00.290] [Server thread/INFO] [Framework/]: Sending config unload event for goblintraders-entities.toml
